<?xml version="1.0" encoding="UTF-8"?>
<!-- Generated by org.testng.reporters.JUnitReportReporter -->
<testsuite hostname="DESKTOP-1N0VLJU" failures="0" tests="2" name="MyTestCase" time="26.893" errors="0" timestamp="2024-10-23T02:00:37 EET" skipped="0">
  <testcase classname="MyTestCase" name="signUp" time="16.234"/>
  <system-out/>
  <testcase classname="MyTestCase" name="logOut" time="10.659"/>
  <system-out/>
</testsuite> <!-- MyTestCase -->
